2025-12-19 18:02:58 [DEBUG] Configuration file loaded
2025-12-19 18:02:59 [WARN] Null pointer exception occurred
2025-12-19 18:03:02 [WARN] Configuration file loaded
2025-12-19 18:03:04 [WARN] User login successful
2025-12-19 18:03:06 [DEBUG] Database connection timeout
2025-12-19 18:03:18 [INFO] API response delayed
2025-12-19 18:03:04 [INFO] User login successful
2025-12-19 18:03:12 [ERROR] User login successful
2025-12-19 18:03:38 [DEBUG] User login successful
2025-12-19 18:03:16 [INFO] Database connection timeout
2025-12-19 18:03:38 [INFO] Database connection timeout
2025-12-19 18:03:09 [INFO] Null pointer exception occurred
2025-12-19 18:03:46 [WARN] Null pointer exception occurred
2025-12-19 18:03:24 [ERROR] API response delayed
2025-12-19 18:03:54 [INFO] API response delayed
2025-12-19 18:03:13 [INFO] User login successful
2025-12-19 18:03:14 [WARN] Null pointer exception occurred
2025-12-19 18:03:15 [WARN] API response delayed
2025-12-19 18:03:34 [INFO] Database connection timeout
2025-12-19 18:03:17 [DEBUG] Database connection timeout
2025-12-19 18:04:38 [INFO] User login successful
2025-12-19 18:04:22 [ERROR] User login successful
2025-12-19 18:04:26 [DEBUG] Configuration file loaded
2025-12-19 18:04:30 [ERROR] Configuration file loaded
2025-12-19 18:03:46 [INFO] User login successful
2025-12-19 18:04:13 [DEBUG] User login successful
2025-12-19 18:04:42 [DEBUG] Null pointer exception occurred
2025-12-19 18:05:13 [INFO] User login successful
2025-12-19 18:03:26 [DEBUG] User login successful
2025-12-19 18:05:23 [ERROR] API response delayed
2025-12-19 18:03:28 [ERROR] API response delayed
2025-12-19 18:05:33 [INFO] User login successful
2025-12-19 18:05:38 [WARN] Configuration file loaded
2025-12-19 18:05:10 [WARN] Configuration file loaded
2025-12-19 18:03:32 [WARN] Null pointer exception occurred
2025-12-19 18:04:08 [INFO] API response delayed
2025-12-19 18:04:46 [DEBUG] Null pointer exception occurred
2025-12-19 18:06:03 [ERROR] Null pointer exception occurred
2025-12-19 18:06:08 [WARN] API response delayed
2025-12-19 18:05:34 [ERROR] Null pointer exception occurred
2025-12-19 18:03:38 [WARN] API response delayed
2025-12-19 18:05:01 [INFO] API response delayed
2025-12-19 18:03:40 [DEBUG] API response delayed
2025-12-19 18:04:24 [DEBUG] Null pointer exception occurred
2025-12-19 18:03:42 [DEBUG] Configuration file loaded
2025-12-19 18:03:43 [WARN] User login successful
2025-12-19 18:03:44 [ERROR] Configuration file loaded
2025-12-19 18:06:06 [INFO] User login successful
2025-12-19 18:04:34 [WARN] Database connection timeout
2025-12-19 18:07:03 [DEBUG] Database connection timeout
2025-12-19 18:06:18 [ERROR] Configuration file loaded
2025-12-19 18:05:31 [WARN] API response delayed
2025-12-19 18:03:50 [WARN] User login successful
2025-12-19 18:03:51 [WARN] Database connection timeout
2025-12-19 18:05:40 [INFO] Configuration file loaded
2025-12-19 18:05:43 [ERROR] Database connection timeout
2025-12-19 18:03:54 [ERROR] Null pointer exception occurred
2025-12-19 18:07:43 [ERROR] Null pointer exception occurred
2025-12-19 18:06:50 [ERROR] User login successful
2025-12-19 18:04:56 [DEBUG] API response delayed
2025-12-19 18:04:58 [INFO] API response delayed
2025-12-19 18:07:02 [INFO] Null pointer exception occurred
2025-12-19 18:05:02 [WARN] Database connection timeout
2025-12-19 18:06:07 [INFO] User login successful
2025-12-19 18:04:02 [DEBUG] User login successful
2025-12-19 18:05:08 [INFO] API response delayed
2025-12-19 18:08:28 [ERROR] Database connection timeout
2025-12-19 18:08:33 [ERROR] Database connection timeout
2025-12-19 18:05:14 [ERROR] Null pointer exception occurred
2025-12-19 18:07:34 [DEBUG] Database connection timeout
2025-12-19 18:05:18 [ERROR] User login successful
2025-12-19 18:05:20 [INFO] Configuration file loaded
2025-12-19 18:05:22 [ERROR] Null pointer exception occurred
2025-12-19 18:06:37 [ERROR] Configuration file loaded
2025-12-19 18:06:40 [WARN] API response delayed
2025-12-19 18:06:43 [INFO] Configuration file loaded
2025-12-19 18:04:14 [ERROR] Database connection timeout
2025-12-19 18:08:06 [DEBUG] Null pointer exception occurred
2025-12-19 18:06:52 [INFO] User login successful
2025-12-19 18:08:14 [ERROR] Database connection timeout
2025-12-19 18:06:58 [DEBUG] Database connection timeout
2025-12-19 18:04:19 [WARN] Database connection timeout
2025-12-19 18:09:48 [WARN] Null pointer exception occurred
2025-12-19 18:09:53 [INFO] Database connection timeout
2025-12-19 18:09:58 [DEBUG] API response delayed
2025-12-19 18:05:48 [DEBUG] User login successful
2025-12-19 18:10:08 [INFO] User login successful
2025-12-19 18:10:13 [INFO] Database connection timeout
2025-12-19 18:08:50 [DEBUG] Database connection timeout
2025-12-19 18:05:56 [INFO] API response delayed
2025-12-19 18:05:58 [DEBUG] User login successful
2025-12-19 18:09:02 [WARN] Database connection timeout
2025-12-19 18:10:38 [DEBUG] User login successful
2025-12-19 18:09:10 [WARN] Configuration file loaded
2025-12-19 18:10:48 [DEBUG] Database connection timeout
2025-12-19 18:06:08 [ERROR] Null pointer exception occurred
2025-12-19 18:07:46 [ERROR] Database connection timeout
2025-12-19 18:09:26 [WARN] Database connection timeout
2025-12-19 18:06:14 [INFO] Null pointer exception occurred
2025-12-19 18:09:34 [WARN] Null pointer exception occurred
2025-12-19 18:06:18 [INFO] API response delayed
2025-12-19 18:11:23 [WARN] Null pointer exception occurred
2025-12-19 18:09:46 [INFO] Database connection timeout
2025-12-19 18:11:33 [DEBUG] Configuration file loaded
2025-12-19 18:06:26 [ERROR] API response delayed
2025-12-19 18:04:43 [ERROR] Database connection timeout
2025-12-19 18:06:30 [DEBUG] User login successful
2025-12-19 18:08:19 [ERROR] Configuration file loaded
2025-12-19 18:08:22 [INFO] User login successful
2025-12-19 18:12:03 [WARN] User login successful
2025-12-19 18:12:08 [WARN] User login successful
2025-12-19 18:04:49 [ERROR] Database connection timeout
2025-12-19 18:12:18 [INFO] API response delayed
2025-12-19 18:08:37 [DEBUG] API response delayed
2025-12-19 18:08:40 [WARN] User login successful
2025-12-19 18:10:38 [DEBUG] User login successful
2025-12-19 18:12:38 [WARN] Configuration file loaded
2025-12-19 18:04:55 [WARN] User login successful
2025-12-19 18:10:50 [DEBUG] Configuration file loaded
2025-12-19 18:08:55 [INFO] User login successful
2025-12-19 18:10:58 [WARN] API response delayed
2025-12-19 18:07:00 [DEBUG] API response delayed
2025-12-19 18:05:00 [WARN] Database connection timeout
2025-12-19 18:11:10 [ERROR] Configuration file loaded
2025-12-19 18:13:18 [INFO] Null pointer exception occurred
2025-12-19 18:05:03 [INFO] Database connection timeout
2025-12-19 18:05:04 [ERROR] Null pointer exception occurred
2025-12-19 18:07:12 [WARN] User login successful
2025-12-19 18:11:30 [WARN] Configuration file loaded
2025-12-19 18:09:25 [ERROR] Null pointer exception occurred
2025-12-19 18:13:48 [ERROR] Database connection timeout
2025-12-19 18:11:42 [WARN] Null pointer exception occurred
2025-12-19 18:07:22 [WARN] Database connection timeout
2025-12-19 18:09:37 [ERROR] Configuration file loaded
2025-12-19 18:14:08 [DEBUG] Configuration file loaded
2025-12-19 18:09:43 [ERROR] Database connection timeout
2025-12-19 18:05:14 [ERROR] Configuration file loaded
2025-12-19 18:14:23 [WARN] Configuration file loaded
2025-12-19 18:05:16 [ERROR] Database connection timeout
2025-12-19 18:14:33 [DEBUG] User login successful
2025-12-19 18:07:38 [DEBUG] Database connection timeout
2025-12-19 18:14:43 [DEBUG] User login successful
2025-12-19 18:10:04 [ERROR] API response delayed
2025-12-19 18:07:44 [INFO] Null pointer exception occurred
2025-12-19 18:05:22 [ERROR] Configuration file loaded
2025-12-19 18:07:48 [INFO] User login successful
2025-12-19 18:12:42 [WARN] Null pointer exception occurred
2025-12-19 18:10:19 [WARN] Null pointer exception occurred
2025-12-19 18:12:50 [ERROR] API response delayed
2025-12-19 18:05:27 [INFO] User login successful
2025-12-19 18:10:28 [WARN] Null pointer exception occurred
2025-12-19 18:13:02 [INFO] Null pointer exception occurred
2025-12-19 18:15:38 [ERROR] Null pointer exception occurred
2025-12-19 18:13:10 [DEBUG] Null pointer exception occurred
2025-12-19 18:10:40 [WARN] User login successful
2025-12-19 18:05:33 [INFO] Configuration file loaded
2025-12-19 18:10:46 [ERROR] Null pointer exception occurred
2025-12-19 18:16:03 [ERROR] Configuration file loaded
2025-12-19 18:05:36 [DEBUG] Configuration file loaded
2025-12-19 18:05:37 [INFO] Database connection timeout
2025-12-19 18:08:18 [WARN] Configuration file loaded
2025-12-19 18:16:23 [WARN] Database connection timeout
2025-12-19 18:16:28 [DEBUG] Configuration file loaded
2025-12-19 18:16:33 [WARN] Null pointer exception occurred
2025-12-19 18:05:42 [DEBUG] Configuration file loaded
2025-12-19 18:11:13 [DEBUG] User login successful
2025-12-19 18:08:30 [DEBUG] User login successful
2025-12-19 18:11:19 [INFO] Null pointer exception occurred
2025-12-19 18:11:22 [WARN] Database connection timeout
2025-12-19 18:08:36 [INFO] Database connection timeout
2025-12-19 18:14:18 [INFO] Database connection timeout
2025-12-19 18:08:40 [ERROR] Configuration file loaded
2025-12-19 18:05:50 [ERROR] Null pointer exception occurred
2025-12-19 18:05:51 [DEBUG] Configuration file loaded
2025-12-19 18:14:34 [DEBUG] Database connection timeout
2025-12-19 18:14:38 [WARN] Database connection timeout
2025-12-19 18:14:42 [WARN] Configuration file loaded
2025-12-19 18:11:49 [WARN] Configuration file loaded
2025-12-19 18:17:48 [ERROR] API response delayed
2025-12-19 18:17:53 [INFO] Database connection timeout
2025-12-19 18:14:58 [DEBUG] Null pointer exception occurred
2025-12-19 18:12:01 [INFO] Configuration file loaded
2025-12-19 18:15:06 [DEBUG] Configuration file loaded
2025-12-19 18:06:01 [ERROR] API response delayed
2025-12-19 18:09:06 [WARN] Null pointer exception occurred
2025-12-19 18:15:18 [DEBUG] User login successful
2025-12-19 18:06:04 [DEBUG] Database connection timeout
2025-12-19 18:18:33 [WARN] User login successful
2025-12-19 18:15:30 [WARN] Null pointer exception occurred
2025-12-19 18:09:16 [WARN] Null pointer exception occurred
2025-12-19 18:09:18 [DEBUG] Configuration file loaded
2025-12-19 18:12:31 [DEBUG] Null pointer exception occurred
2025-12-19 18:09:22 [INFO] Null pointer exception occurred
2025-12-19 18:09:24 [INFO] API response delayed
2025-12-19 18:15:54 [INFO] API response delayed
2025-12-19 18:15:58 [WARN] User login successful
2025-12-19 18:16:02 [INFO] API response delayed
2025-12-19 18:19:23 [INFO] API response delayed
2025-12-19 18:19:28 [INFO] Configuration file loaded
2025-12-19 18:16:14 [ERROR] Database connection timeout
2025-12-19 18:09:38 [DEBUG] Database connection timeout
2025-12-19 18:16:22 [INFO] Null pointer exception occurred
2025-12-19 18:19:48 [DEBUG] User login successful
2025-12-19 18:09:44 [DEBUG] Database connection timeout
2025-12-19 18:16:34 [DEBUG] Configuration file loaded
2025-12-19 18:16:38 [DEBUG] API response delayed
2025-12-19 18:16:42 [DEBUG] User login successful
2025-12-19 18:06:25 [INFO] Database connection timeout
2025-12-19 18:16:50 [WARN] Configuration file loaded
2025-12-19 18:06:27 [ERROR] API response delayed
2025-12-19 18:09:58 [DEBUG] Database connection timeout
2025-12-19 18:10:00 [WARN] Configuration file loaded
2025-12-19 18:06:30 [WARN] Configuration file loaded
2025-12-19 18:10:04 [DEBUG] Null pointer exception occurred
2025-12-19 18:20:48 [ERROR] API response delayed
2025-12-19 18:20:53 [DEBUG] API response delayed
2025-12-19 18:13:46 [ERROR] Configuration file loaded
2025-12-19 18:21:03 [DEBUG] API response delayed
2025-12-19 18:13:52 [DEBUG] Configuration file loaded
2025-12-19 18:10:16 [DEBUG] Database connection timeout
2025-12-19 18:21:18 [ERROR] Null pointer exception occurred
2025-12-19 18:21:23 [INFO] Database connection timeout
2025-12-19 18:10:22 [WARN] Configuration file loaded
2025-12-19 18:14:07 [INFO] Null pointer exception occurred
2025-12-19 18:21:38 [DEBUG] User login successful
2025-12-19 18:21:43 [INFO] Database connection timeout
2025-12-19 18:14:16 [WARN] User login successful
2025-12-19 18:14:19 [WARN] Database connection timeout
2025-12-19 18:06:46 [ERROR] Configuration file loaded
2025-12-19 18:18:14 [DEBUG] Database connection timeout
2025-12-19 18:06:48 [ERROR] API response delayed
2025-12-19 18:10:40 [WARN] Database connection timeout
2025-12-19 18:06:50 [DEBUG] User login successful
2025-12-19 18:18:30 [INFO] Database connection timeout
2025-12-19 18:06:52 [ERROR] API response delayed
2025-12-19 18:06:53 [ERROR] Configuration file loaded
2025-12-19 18:06:54 [DEBUG] Configuration file loaded
2025-12-19 18:22:43 [DEBUG] Database connection timeout
2025-12-19 18:18:50 [WARN] User login successful
2025-12-19 18:06:57 [INFO] Null pointer exception occurred
2025-12-19 18:06:58 [INFO] Configuration file loaded
2025-12-19 18:11:00 [DEBUG] User login successful
2025-12-19 18:11:02 [WARN] Configuration file loaded
2025-12-19 18:07:01 [INFO] Null pointer exception occurred
2025-12-19 18:07:02 [ERROR] Configuration file loaded
2025-12-19 18:11:08 [INFO] Database connection timeout
2025-12-19 18:19:22 [WARN] Database connection timeout
2025-12-19 18:23:33 [INFO] User login successful
2025-12-19 18:11:14 [INFO] API response delayed
2025-12-19 18:11:16 [WARN] Database connection timeout
2025-12-19 18:19:38 [ERROR] User login successful
2025-12-19 18:11:20 [DEBUG] Database connection timeout
2025-12-19 18:23:58 [WARN] API response delayed
2025-12-19 18:24:03 [WARN] Configuration file loaded
2025-12-19 18:24:08 [WARN] API response delayed
2025-12-19 18:19:58 [ERROR] Configuration file loaded
2025-12-19 18:07:14 [WARN] API response delayed
2025-12-19 18:20:06 [INFO] User login successful
2025-12-19 18:07:16 [DEBUG] User login successful
2025-12-19 18:15:55 [ERROR] Null pointer exception occurred
2025-12-19 18:20:18 [DEBUG] User login successful
2025-12-19 18:24:43 [ERROR] User login successful
2025-12-19 18:24:48 [WARN] Configuration file loaded
2025-12-19 18:07:21 [WARN] API response delayed
2025-12-19 18:07:22 [WARN] User login successful
2025-12-19 18:20:38 [ERROR] API response delayed
2025-12-19 18:07:24 [WARN] User login successful
2025-12-19 18:20:46 [ERROR] Database connection timeout
2025-12-19 18:20:50 [DEBUG] Configuration file loaded
2025-12-19 18:11:56 [WARN] Configuration file loaded
2025-12-19 18:11:58 [DEBUG] Configuration file loaded
2025-12-19 18:21:02 [DEBUG] Configuration file loaded
2025-12-19 18:25:38 [INFO] Configuration file loaded
2025-12-19 18:21:10 [DEBUG] Null pointer exception occurred
2025-12-19 18:25:48 [WARN] Null pointer exception occurred
2025-12-19 18:07:33 [INFO] Configuration file loaded
2025-12-19 18:25:58 [WARN] Database connection timeout
2025-12-19 18:16:49 [ERROR] Configuration file loaded
2025-12-19 18:21:30 [DEBUG] Configuration file loaded
2025-12-19 18:26:13 [ERROR] User login successful
2025-12-19 18:12:18 [WARN] Configuration file loaded
2025-12-19 18:07:39 [DEBUG] Null pointer exception occurred
2025-12-19 18:07:40 [INFO] User login successful
2025-12-19 18:17:07 [WARN] Configuration file loaded
2025-12-19 18:21:54 [INFO] Database connection timeout
2025-12-19 18:12:28 [DEBUG] Database connection timeout
2025-12-19 18:17:16 [ERROR] Database connection timeout
2025-12-19 18:17:19 [INFO] Database connection timeout
2025-12-19 18:22:10 [DEBUG] Database connection timeout
2025-12-19 18:07:47 [INFO] User login successful
2025-12-19 18:12:38 [WARN] Configuration file loaded
2025-12-19 18:12:40 [ERROR] User login successful
2025-12-19 18:22:26 [ERROR] Database connection timeout
2025-12-19 18:22:30 [WARN] Database connection timeout
2025-12-19 18:27:28 [ERROR] Configuration file loaded
2025-12-19 18:22:38 [ERROR] API response delayed
2025-12-19 18:27:38 [WARN] User login successful
2025-12-19 18:27:43 [ERROR] Database connection timeout
2025-12-19 18:17:52 [DEBUG] API response delayed
2025-12-19 18:22:54 [DEBUG] API response delayed
2025-12-19 18:27:58 [INFO] API response delayed
2025-12-19 18:07:59 [DEBUG] Null pointer exception occurred
2025-12-19 18:23:06 [WARN] User login successful
2025-12-19 18:13:04 [DEBUG] API response delayed
2025-12-19 18:28:18 [DEBUG] API response delayed
2025-12-19 18:18:13 [DEBUG] User login successful
2025-12-19 18:23:22 [ERROR] Configuration file loaded
2025-12-19 18:08:05 [DEBUG] Null pointer exception occurred
2025-12-19 18:23:30 [INFO] Configuration file loaded
2025-12-19 18:08:07 [DEBUG] Null pointer exception occurred
2025-12-19 18:28:48 [WARN] API response delayed
2025-12-19 18:23:42 [DEBUG] Configuration file loaded
2025-12-19 18:08:10 [ERROR] Database connection timeout
2025-12-19 18:08:11 [WARN] Null pointer exception occurred
2025-12-19 18:08:12 [DEBUG] User login successful
2025-12-19 18:29:13 [WARN] API response delayed
2025-12-19 18:08:14 [ERROR] API response delayed
2025-12-19 18:24:06 [WARN] Database connection timeout
2025-12-19 18:24:10 [INFO] Database connection timeout
2025-12-19 18:24:14 [ERROR] API response delayed
2025-12-19 18:13:38 [INFO] Null pointer exception occurred
2025-12-19 18:24:22 [INFO] Database connection timeout
2025-12-19 18:24:26 [ERROR] API response delayed
2025-12-19 18:13:44 [ERROR] Null pointer exception occurred
2025-12-19 18:19:10 [ERROR] Database connection timeout
2025-12-19 18:24:38 [WARN] Database connection timeout
2025-12-19 18:13:50 [WARN] API response delayed
2025-12-19 18:30:13 [WARN] User login successful
2025-12-19 18:13:54 [INFO] Configuration file loaded
2025-12-19 18:24:54 [ERROR] API response delayed
2025-12-19 18:13:58 [INFO] Null pointer exception occurred
2025-12-19 18:08:29 [WARN] Database connection timeout
2025-12-19 18:08:30 [ERROR] Null pointer exception occurred
2025-12-19 18:08:31 [INFO] Database connection timeout
2025-12-19 18:19:40 [DEBUG] API response delayed
2025-12-19 18:08:33 [INFO] Configuration file loaded
2025-12-19 18:08:34 [DEBUG] Configuration file loaded
2025-12-19 18:31:03 [WARN] User login successful
2025-12-19 18:19:52 [WARN] Null pointer exception occurred
2025-12-19 18:19:55 [WARN] API response delayed
2025-12-19 18:25:38 [INFO] User login successful
2025-12-19 18:25:42 [INFO] Database connection timeout
2025-12-19 18:25:46 [DEBUG] Database connection timeout
2025-12-19 18:14:24 [DEBUG] API response delayed
2025-12-19 18:31:38 [WARN] Null pointer exception occurred
2025-12-19 18:25:58 [DEBUG] Configuration file loaded
2025-12-19 18:20:16 [WARN] Configuration file loaded
2025-12-19 18:31:53 [WARN] User login successful
2025-12-19 18:20:22 [WARN] User login successful
2025-12-19 18:26:14 [WARN] Configuration file loaded
2025-12-19 18:26:18 [WARN] Null pointer exception occurred
2025-12-19 18:26:22 [WARN] User login successful
2025-12-19 18:26:26 [DEBUG] User login successful
2025-12-19 18:14:44 [ERROR] API response delayed
2025-12-19 18:08:52 [INFO] Configuration file loaded
2025-12-19 18:20:43 [INFO] API response delayed
2025-12-19 18:08:54 [WARN] Database connection timeout
2025-12-19 18:20:49 [INFO] Database connection timeout
2025-12-19 18:32:48 [WARN] Null pointer exception occurred
2025-12-19 18:32:53 [INFO] API response delayed
2025-12-19 18:26:58 [DEBUG] Database connection timeout
2025-12-19 18:08:59 [WARN] Configuration file loaded
2025-12-19 18:33:08 [DEBUG] User login successful
2025-12-19 18:21:07 [DEBUG] Configuration file loaded
2025-12-19 18:15:06 [INFO] User login successful
2025-12-19 18:27:18 [DEBUG] API response delayed
2025-12-19 18:27:22 [ERROR] Configuration file loaded
2025-12-19 18:27:26 [DEBUG] Configuration file loaded
2025-12-19 18:27:30 [ERROR] Configuration file loaded
2025-12-19 18:15:16 [ERROR] Configuration file loaded
2025-12-19 18:33:48 [DEBUG] Null pointer exception occurred
2025-12-19 18:15:20 [WARN] User login successful
2025-12-19 18:33:58 [ERROR] API response delayed
2025-12-19 18:27:50 [DEBUG] Configuration file loaded
2025-12-19 18:34:08 [DEBUG] API response delayed
2025-12-19 18:27:58 [WARN] API response delayed
2025-12-19 18:28:02 [WARN] Configuration file loaded
2025-12-19 18:28:06 [DEBUG] Configuration file loaded
2025-12-19 18:09:16 [ERROR] User login successful
2025-12-19 18:28:14 [DEBUG] API response delayed
2025-12-19 18:28:18 [INFO] API response delayed
2025-12-19 18:15:40 [ERROR] Null pointer exception occurred
2025-12-19 18:34:48 [WARN] Database connection timeout
2025-12-19 18:22:07 [INFO] API response delayed
2025-12-19 18:22:10 [ERROR] API response delayed
2025-12-19 18:22:13 [ERROR] API response delayed
2025-12-19 18:09:24 [INFO] User login successful
2025-12-19 18:15:52 [INFO] API response delayed
2025-12-19 18:28:50 [ERROR] User login successful
2025-12-19 18:28:54 [DEBUG] Null pointer exception occurred
2025-12-19 18:35:28 [WARN] User login successful
2025-12-19 18:35:33 [INFO] API response delayed
2025-12-19 18:35:38 [WARN] API response delayed
2025-12-19 18:09:31 [WARN] User login successful
2025-12-19 18:16:06 [INFO] Configuration file loaded
2025-12-19 18:09:33 [DEBUG] Null pointer exception occurred
2025-12-19 18:29:22 [WARN] User login successful
2025-12-19 18:16:12 [WARN] Database connection timeout
2025-12-19 18:29:30 [ERROR] Database connection timeout
2025-12-19 18:36:13 [INFO] Null pointer exception occurred
2025-12-19 18:22:58 [WARN] Null pointer exception occurred
2025-12-19 18:23:01 [INFO] User login successful
2025-12-19 18:36:28 [DEBUG] Configuration file loaded
2025-12-19 18:23:07 [INFO] API response delayed
2025-12-19 18:16:26 [ERROR] API response delayed
2025-12-19 18:09:43 [DEBUG] API response delayed
2025-12-19 18:16:30 [DEBUG] Null pointer exception occurred
2025-12-19 18:09:45 [WARN] User login successful
2025-12-19 18:36:58 [INFO] API response delayed
2025-12-19 18:09:47 [ERROR] Null pointer exception occurred
2025-12-19 18:23:28 [DEBUG] User login successful
2025-12-19 18:30:22 [DEBUG] API response delayed
2025-12-19 18:23:34 [DEBUG] Configuration file loaded
2025-12-19 18:30:30 [WARN] Database connection timeout
2025-12-19 18:23:40 [ERROR] Database connection timeout
2025-12-19 18:23:43 [INFO] Null pointer exception occurred
2025-12-19 18:37:38 [INFO] Configuration file loaded
2025-12-19 18:23:49 [WARN] Database connection timeout
2025-12-19 18:23:52 [WARN] Database connection timeout
2025-12-19 18:37:53 [WARN] Database connection timeout
2025-12-19 18:16:58 [WARN] User login successful
2025-12-19 18:09:59 [DEBUG] API response delayed
2025-12-19 18:10:00 [WARN] API response delayed
2025-12-19 18:38:13 [DEBUG] Database connection timeout
2025-12-19 18:24:10 [DEBUG] Null pointer exception occurred
2025-12-19 18:17:08 [DEBUG] API response delayed
2025-12-19 18:17:10 [ERROR] API response delayed
2025-12-19 18:31:26 [ERROR] Null pointer exception occurred
2025-12-19 18:17:14 [ERROR] Null pointer exception occurred
2025-12-19 18:38:43 [WARN] API response delayed
2025-12-19 18:17:18 [DEBUG] Null pointer exception occurred
2025-12-19 18:31:42 [WARN] Null pointer exception occurred
2025-12-19 18:10:10 [DEBUG] API response delayed
2025-12-19 18:10:11 [WARN] Database connection timeout
2025-12-19 18:24:40 [WARN] Null pointer exception occurred
2025-12-19 18:31:58 [WARN] Null pointer exception occurred
2025-12-19 18:39:18 [ERROR] Null pointer exception occurred
2025-12-19 18:32:06 [ERROR] API response delayed
2025-12-19 18:10:16 [WARN] User login successful
2025-12-19 18:32:14 [DEBUG] API response delayed
2025-12-19 18:39:38 [INFO] Database connection timeout
2025-12-19 18:39:43 [ERROR] Configuration file loaded
2025-12-19 18:32:26 [DEBUG] Configuration file loaded
2025-12-19 18:25:07 [WARN] Null pointer exception occurred
2025-12-19 18:25:10 [WARN] Database connection timeout
2025-12-19 18:40:03 [ERROR] Null pointer exception occurred
2025-12-19 18:10:24 [WARN] Database connection timeout
2025-12-19 18:25:19 [WARN] Null pointer exception occurred
2025-12-19 18:10:26 [DEBUG] Configuration file loaded
2025-12-19 18:10:27 [ERROR] API response delayed
2025-12-19 18:10:28 [WARN] API response delayed
2025-12-19 18:33:02 [INFO] Configuration file loaded
2025-12-19 18:40:38 [ERROR] User login successful
2025-12-19 18:18:04 [ERROR] Null pointer exception occurred
2025-12-19 18:18:06 [WARN] Database connection timeout
2025-12-19 18:10:33 [WARN] User login successful
2025-12-19 18:25:46 [DEBUG] Null pointer exception occurred
2025-12-19 18:33:26 [DEBUG] API response delayed
2025-12-19 18:25:52 [INFO] Configuration file loaded
2025-12-19 18:41:13 [WARN] Null pointer exception occurred
2025-12-19 18:18:18 [DEBUG] User login successful
2025-12-19 18:10:39 [DEBUG] API response delayed
2025-12-19 18:18:22 [ERROR] Configuration file loaded
2025-12-19 18:41:33 [DEBUG] Database connection timeout
2025-12-19 18:10:42 [INFO] Configuration file loaded
2025-12-19 18:26:13 [INFO] Database connection timeout
2025-12-19 18:41:48 [WARN] User login successful
2025-12-19 18:26:19 [DEBUG] Configuration file loaded
2025-12-19 18:18:34 [WARN] Database connection timeout
2025-12-19 18:42:03 [ERROR] User login successful
2025-12-19 18:10:48 [DEBUG] User login successful
2025-12-19 18:10:49 [WARN] API response delayed
2025-12-19 18:26:34 [DEBUG] User login successful
2025-12-19 18:34:30 [WARN] API response delayed
2025-12-19 18:26:40 [ERROR] Database connection timeout
2025-12-19 18:10:53 [INFO] Configuration file loaded
2025-12-19 18:10:54 [WARN] Database connection timeout
2025-12-19 18:34:46 [ERROR] Configuration file loaded
2025-12-19 18:18:54 [WARN] Database connection timeout
2025-12-19 18:18:56 [ERROR] API response delayed
2025-12-19 18:18:58 [WARN] User login successful
2025-12-19 18:10:59 [INFO] API response delayed
2025-12-19 18:27:04 [DEBUG] Null pointer exception occurred
2025-12-19 18:43:13 [DEBUG] Null pointer exception occurred
2025-12-19 18:11:02 [INFO] Null pointer exception occurred
2025-12-19 18:27:13 [ERROR] User login successful
2025-12-19 18:35:22 [ERROR] API response delayed
2025-12-19 18:35:26 [INFO] Database connection timeout
2025-12-19 18:11:06 [DEBUG] User login successful
2025-12-19 18:35:34 [ERROR] User login successful
2025-12-19 18:11:08 [DEBUG] User login successful
2025-12-19 18:35:42 [INFO] Configuration file loaded
2025-12-19 18:11:10 [WARN] Configuration file loaded
2025-12-19 18:35:50 [WARN] Configuration file loaded
2025-12-19 18:35:54 [WARN] User login successful
2025-12-19 18:44:13 [INFO] Configuration file loaded
2025-12-19 18:27:46 [INFO] User login successful
2025-12-19 18:36:06 [WARN] Database connection timeout
2025-12-19 18:19:34 [ERROR] Null pointer exception occurred
2025-12-19 18:11:17 [INFO] Database connection timeout
