2025-12-19 18:02:58 [CRITICAL] Out of memory error
2025-12-19 18:03:03 [CRITICAL] Permission denied while accessing resource
2025-12-19 18:03:00 [ERROR] Permission denied while accessing resource
2025-12-19 18:03:13 [ERROR] Permission denied while accessing resource
2025-12-19 18:03:10 [CRITICAL] File not found exception
2025-12-19 18:03:13 [CRITICAL] Database connection refused
2025-12-19 18:03:16 [CRITICAL] Out of memory error
2025-12-19 18:03:33 [ERROR] Out of memory error
2025-12-19 18:03:06 [CRITICAL] Database connection refused
2025-12-19 18:03:34 [CRITICAL] Unhandled exception in thread main
2025-12-19 18:03:48 [CRITICAL] Unhandled exception in thread main
2025-12-19 18:03:09 [ERROR] File not found exception
2025-12-19 18:03:58 [CRITICAL] Out of memory error
2025-12-19 18:03:24 [CRITICAL] Permission denied while accessing resource
2025-12-19 18:03:26 [CRITICAL] Database connection refused
2025-12-19 18:03:13 [ERROR] Permission denied while accessing resource
2025-12-19 18:04:18 [CRITICAL] File not found exception
2025-12-19 18:03:32 [CRITICAL] Out of memory error
2025-12-19 18:03:34 [ERROR] Database connection refused
2025-12-19 18:04:14 [CRITICAL] File not found exception
2025-12-19 18:04:18 [CRITICAL] Out of memory error
2025-12-19 18:03:40 [ERROR] Permission denied while accessing resource
2025-12-19 18:04:04 [ERROR] Out of memory error
2025-12-19 18:04:53 [CRITICAL] Database connection refused
2025-12-19 18:04:10 [ERROR] File not found exception
2025-12-19 18:03:23 [CRITICAL] Unhandled exception in thread main
2025-12-19 18:03:50 [ERROR] Database connection refused
2025-12-19 18:04:46 [CRITICAL] Permission denied while accessing resource
2025-12-19 18:05:18 [CRITICAL] Database connection refused
2025-12-19 18:04:54 [CRITICAL] File not found exception
2025-12-19 18:04:28 [ERROR] Permission denied while accessing resource
2025-12-19 18:03:29 [CRITICAL] Unhandled exception in thread main
2025-12-19 18:04:34 [ERROR] Permission denied while accessing resource
2025-12-19 18:04:37 [CRITICAL] Unhandled exception in thread main
2025-12-19 18:05:48 [CRITICAL] Permission denied while accessing resource
2025-12-19 18:04:08 [ERROR] Unhandled exception in thread main
2025-12-19 18:04:46 [ERROR] File not found exception
2025-12-19 18:04:12 [ERROR] Out of memory error
2025-12-19 18:04:52 [CRITICAL] Unhandled exception in thread main
2025-12-19 18:04:16 [ERROR] Database connection refused
2025-12-19 18:05:38 [CRITICAL] Database connection refused
2025-12-19 18:06:23 [ERROR] Unhandled exception in thread main
2025-12-19 18:05:46 [CRITICAL] Out of memory error
2025-12-19 18:06:33 [ERROR] Unhandled exception in thread main
2025-12-19 18:06:38 [ERROR] Database connection refused
2025-12-19 18:05:58 [CRITICAL] File not found exception
2025-12-19 18:06:02 [ERROR] Out of memory error
2025-12-19 18:06:06 [CRITICAL] Database connection refused
2025-12-19 18:06:10 [ERROR] Out of memory error
2025-12-19 18:07:03 [ERROR] Database connection refused
2025-12-19 18:03:48 [ERROR] Unhandled exception in thread main
2025-12-19 18:06:22 [ERROR] Database connection refused
2025-12-19 18:05:34 [CRITICAL] File not found exception
2025-12-19 18:04:44 [CRITICAL] Out of memory error
2025-12-19 18:05:40 [ERROR] File not found exception
2025-12-19 18:04:48 [ERROR] Database connection refused
2025-12-19 18:05:46 [CRITICAL] Unhandled exception in thread main
2025-12-19 18:06:46 [CRITICAL] Out of memory error
2025-12-19 18:03:56 [CRITICAL] Permission denied while accessing resource
2025-12-19 18:05:55 [CRITICAL] File not found exception
2025-12-19 18:05:58 [CRITICAL] File not found exception
2025-12-19 18:05:00 [ERROR] Unhandled exception in thread main
2025-12-19 18:05:02 [CRITICAL] Permission denied while accessing resource
2025-12-19 18:06:07 [CRITICAL] Permission denied while accessing resource
2025-12-19 18:07:14 [ERROR] Out of memory error
2025-12-19 18:04:03 [ERROR] Permission denied while accessing resource
2025-12-19 18:08:28 [ERROR] File not found exception
2025-12-19 18:07:26 [ERROR] Database connection refused
2025-12-19 18:04:06 [ERROR] File not found exception
2025-12-19 18:04:07 [ERROR] Permission denied while accessing resource
2025-12-19 18:04:08 [ERROR] Unhandled exception in thread main
2025-12-19 18:05:20 [ERROR] Database connection refused
2025-12-19 18:05:22 [CRITICAL] Database connection refused
2025-12-19 18:07:50 [ERROR] Out of memory error
2025-12-19 18:06:40 [CRITICAL] Unhandled exception in thread main
2025-12-19 18:07:58 [CRITICAL] Out of memory error
2025-12-19 18:09:18 [ERROR] File not found exception
2025-12-19 18:06:49 [CRITICAL] Unhandled exception in thread main
2025-12-19 18:08:10 [CRITICAL] Permission denied while accessing resource
2025-12-19 18:09:33 [ERROR] Unhandled exception in thread main
2025-12-19 18:08:18 [CRITICAL] Out of memory error
2025-12-19 18:05:40 [ERROR] Database connection refused
2025-12-19 18:04:20 [ERROR] File not found exception
2025-12-19 18:08:30 [ERROR] Unhandled exception in thread main
2025-12-19 18:07:10 [ERROR] Out of memory error
2025-12-19 18:08:38 [CRITICAL] Permission denied while accessing resource
2025-12-19 18:08:42 [ERROR] Database connection refused
2025-12-19 18:08:46 [CRITICAL] File not found exception
2025-12-19 18:08:50 [CRITICAL] File not found exception
2025-12-19 18:04:27 [ERROR] Permission denied while accessing resource
2025-12-19 18:04:28 [ERROR] Out of memory error
2025-12-19 18:06:00 [ERROR] Out of memory error
2025-12-19 18:09:06 [CRITICAL] Out of memory error
2025-12-19 18:06:04 [CRITICAL] Unhandled exception in thread main
2025-12-19 18:10:48 [CRITICAL] File not found exception
2025-12-19 18:06:08 [ERROR] Out of memory error
2025-12-19 18:10:58 [ERROR] Database connection refused
2025-12-19 18:07:49 [CRITICAL] Out of memory error
2025-12-19 18:11:08 [ERROR] Out of memory error
2025-12-19 18:07:55 [CRITICAL] Out of memory error
2025-12-19 18:07:58 [CRITICAL] Database connection refused
2025-12-19 18:11:23 [CRITICAL] Unhandled exception in thread main
2025-12-19 18:11:28 [CRITICAL] Permission denied while accessing resource
2025-12-19 18:09:50 [CRITICAL] Out of memory error
2025-12-19 18:06:26 [CRITICAL] Unhandled exception in thread main
2025-12-19 18:06:28 [CRITICAL] Out of memory error
2025-12-19 18:08:16 [CRITICAL] Database connection refused
2025-12-19 18:08:19 [CRITICAL] Unhandled exception in thread main
2025-12-19 18:08:22 [ERROR] File not found exception
2025-12-19 18:06:36 [ERROR] Permission denied while accessing resource
2025-12-19 18:10:18 [CRITICAL] Database connection refused
2025-12-19 18:10:22 [ERROR] Unhandled exception in thread main
2025-12-19 18:06:42 [CRITICAL] Out of memory error
2025-12-19 18:12:23 [ERROR] Unhandled exception in thread main
2025-12-19 18:08:40 [CRITICAL] Database connection refused
2025-12-19 18:04:53 [ERROR] Out of memory error
2025-12-19 18:08:46 [ERROR] Unhandled exception in thread main
2025-12-19 18:12:43 [CRITICAL] Unhandled exception in thread main
2025-12-19 18:06:54 [CRITICAL] Out of memory error
2025-12-19 18:06:56 [CRITICAL] Unhandled exception in thread main
2025-12-19 18:10:58 [ERROR] Out of memory error
2025-12-19 18:11:02 [ERROR] File not found exception
2025-12-19 18:05:00 [CRITICAL] File not found exception
2025-12-19 18:09:07 [CRITICAL] File not found exception
2025-12-19 18:09:10 [ERROR] File not found exception
2025-12-19 18:07:08 [ERROR] Out of memory error
2025-12-19 18:07:10 [CRITICAL] Permission denied while accessing resource
2025-12-19 18:07:12 [CRITICAL] Database connection refused
2025-12-19 18:13:38 [ERROR] File not found exception
2025-12-19 18:09:25 [ERROR] File not found exception
2025-12-19 18:11:38 [CRITICAL] Database connection refused
2025-12-19 18:13:53 [CRITICAL] Database connection refused
2025-12-19 18:07:22 [ERROR] File not found exception
2025-12-19 18:07:24 [ERROR] Out of memory error
2025-12-19 18:14:08 [CRITICAL] Unhandled exception in thread main
2025-12-19 18:07:28 [ERROR] Permission denied while accessing resource
2025-12-19 18:07:30 [ERROR] Unhandled exception in thread main
2025-12-19 18:09:49 [CRITICAL] Permission denied while accessing resource
2025-12-19 18:14:28 [CRITICAL] File not found exception
2025-12-19 18:14:33 [ERROR] Out of memory error
2025-12-19 18:14:38 [CRITICAL] File not found exception
2025-12-19 18:10:01 [CRITICAL] Out of memory error
2025-12-19 18:14:48 [ERROR] Permission denied while accessing resource
2025-12-19 18:14:53 [ERROR] File not found exception
2025-12-19 18:05:22 [ERROR] File not found exception
2025-12-19 18:12:38 [CRITICAL] Database connection refused
2025-12-19 18:10:16 [ERROR] Database connection refused
2025-12-19 18:05:25 [CRITICAL] Out of memory error
2025-12-19 18:05:26 [ERROR] Out of memory error
2025-12-19 18:05:27 [ERROR] Database connection refused
2025-12-19 18:15:28 [ERROR] Unhandled exception in thread main
2025-12-19 18:05:29 [CRITICAL] Out of memory error
2025-12-19 18:08:02 [ERROR] Unhandled exception in thread main
2025-12-19 18:13:10 [ERROR] Database connection refused
2025-12-19 18:15:48 [ERROR] File not found exception
2025-12-19 18:15:53 [ERROR] Database connection refused
2025-12-19 18:15:58 [CRITICAL] Permission denied while accessing resource
2025-12-19 18:05:35 [ERROR] Out of memory error
2025-12-19 18:05:36 [ERROR] Out of memory error
2025-12-19 18:05:37 [ERROR] File not found exception
2025-12-19 18:08:18 [ERROR] Permission denied while accessing resource
2025-12-19 18:16:23 [ERROR] Permission denied while accessing resource
2025-12-19 18:13:46 [ERROR] File not found exception
2025-12-19 18:13:50 [CRITICAL] Out of memory error
2025-12-19 18:11:10 [ERROR] Permission denied while accessing resource
2025-12-19 18:05:43 [CRITICAL] File not found exception
2025-12-19 18:08:30 [ERROR] File not found exception
2025-12-19 18:08:32 [ERROR] Unhandled exception in thread main
2025-12-19 18:11:22 [CRITICAL] Out of memory error
2025-12-19 18:08:36 [CRITICAL] Unhandled exception in thread main
2025-12-19 18:11:28 [ERROR] File not found exception
2025-12-19 18:11:31 [ERROR] Unhandled exception in thread main
2025-12-19 18:14:26 [CRITICAL] File not found exception
2025-12-19 18:14:30 [CRITICAL] Out of memory error
2025-12-19 18:05:52 [CRITICAL] File not found exception
2025-12-19 18:17:33 [CRITICAL] Database connection refused
2025-12-19 18:11:46 [ERROR] Permission denied while accessing resource
2025-12-19 18:08:52 [ERROR] Permission denied while accessing resource
2025-12-19 18:14:50 [ERROR] Permission denied while accessing resource
2025-12-19 18:11:55 [CRITICAL] Database connection refused
2025-12-19 18:08:58 [CRITICAL] File not found exception
2025-12-19 18:12:01 [CRITICAL] Out of memory error
2025-12-19 18:15:06 [CRITICAL] Permission denied while accessing resource
2025-12-19 18:12:07 [CRITICAL] File not found exception
2025-12-19 18:15:14 [ERROR] Out of memory error
2025-12-19 18:15:18 [ERROR] Unhandled exception in thread main
2025-12-19 18:06:04 [CRITICAL] Database connection refused
2025-12-19 18:12:19 [CRITICAL] Out of memory error
2025-12-19 18:15:30 [ERROR] Out of memory error
2025-12-19 18:06:07 [ERROR] Permission denied while accessing resource
2025-12-19 18:09:18 [CRITICAL] Unhandled exception in thread main
2025-12-19 18:12:31 [ERROR] Out of memory error
2025-12-19 18:15:46 [CRITICAL] File not found exception
2025-12-19 18:15:50 [CRITICAL] File not found exception
2025-12-19 18:06:12 [CRITICAL] Out of memory error
2025-12-19 18:15:58 [ERROR] Out of memory error
2025-12-19 18:12:46 [ERROR] File not found exception
2025-12-19 18:19:23 [CRITICAL] Database connection refused
2025-12-19 18:16:10 [CRITICAL] Database connection refused
2025-12-19 18:12:55 [CRITICAL] Database connection refused
2025-12-19 18:12:58 [ERROR] Database connection refused
2025-12-19 18:13:01 [ERROR] Unhandled exception in thread main
2025-12-19 18:13:04 [CRITICAL] Permission denied while accessing resource
2025-12-19 18:16:30 [ERROR] Database connection refused
2025-12-19 18:16:34 [ERROR] Database connection refused
2025-12-19 18:20:03 [ERROR] File not found exception
2025-12-19 18:13:16 [ERROR] Out of memory error
2025-12-19 18:16:46 [ERROR] Unhandled exception in thread main
2025-12-19 18:20:18 [CRITICAL] File not found exception
2025-12-19 18:13:25 [ERROR] Database connection refused
2025-12-19 18:06:28 [CRITICAL] Unhandled exception in thread main
2025-12-19 18:10:00 [CRITICAL] Unhandled exception in thread main
2025-12-19 18:10:02 [CRITICAL] File not found exception
2025-12-19 18:17:10 [CRITICAL] Database connection refused
2025-12-19 18:06:32 [CRITICAL] Unhandled exception in thread main
2025-12-19 18:10:08 [ERROR] Unhandled exception in thread main
2025-12-19 18:06:34 [CRITICAL] File not found exception
2025-12-19 18:10:12 [ERROR] Permission denied while accessing resource
2025-12-19 18:17:30 [ERROR] Out of memory error
2025-12-19 18:10:16 [CRITICAL] Permission denied while accessing resource
2025-12-19 18:13:58 [ERROR] Out of memory error
2025-12-19 18:06:39 [CRITICAL] Database connection refused
2025-12-19 18:14:04 [CRITICAL] File not found exception
2025-12-19 18:14:07 [ERROR] Unhandled exception in thread main
2025-12-19 18:06:42 [CRITICAL] Unhandled exception in thread main
2025-12-19 18:10:28 [CRITICAL] Out of memory error
2025-12-19 18:14:16 [CRITICAL] File not found exception
2025-12-19 18:14:19 [CRITICAL] Permission denied while accessing resource
2025-12-19 18:14:22 [CRITICAL] Unhandled exception in thread main
2025-12-19 18:22:03 [CRITICAL] Out of memory error
2025-12-19 18:22:08 [CRITICAL] Out of memory error
2025-12-19 18:10:40 [ERROR] Unhandled exception in thread main
2025-12-19 18:06:50 [ERROR] File not found exception
2025-12-19 18:10:44 [ERROR] Unhandled exception in thread main
2025-12-19 18:06:52 [ERROR] Permission denied while accessing resource
2025-12-19 18:22:33 [CRITICAL] Database connection refused
2025-12-19 18:22:38 [ERROR] File not found exception
2025-12-19 18:22:43 [CRITICAL] Unhandled exception in thread main
2025-12-19 18:18:50 [CRITICAL] Unhandled exception in thread main
2025-12-19 18:06:57 [ERROR] Database connection refused
2025-12-19 18:22:58 [ERROR] Unhandled exception in thread main
2025-12-19 18:06:59 [ERROR] Out of memory error
2025-12-19 18:07:00 [ERROR] Unhandled exception in thread main
2025-12-19 18:11:04 [ERROR] Database connection refused
2025-12-19 18:15:10 [CRITICAL] File not found exception
2025-12-19 18:23:23 [ERROR] Unhandled exception in thread main
2025-12-19 18:19:22 [CRITICAL] Permission denied while accessing resource
2025-12-19 18:07:05 [CRITICAL] Permission denied while accessing resource
2025-12-19 18:11:14 [CRITICAL] Permission denied while accessing resource
2025-12-19 18:07:07 [ERROR] Out of memory error
2025-12-19 18:15:28 [CRITICAL] Out of memory error
2025-12-19 18:23:53 [CRITICAL] File not found exception
2025-12-19 18:15:34 [ERROR] Permission denied while accessing resource
2025-12-19 18:15:37 [ERROR] Database connection refused
2025-12-19 18:24:08 [CRITICAL] Permission denied while accessing resource
2025-12-19 18:19:58 [CRITICAL] Unhandled exception in thread main
2025-12-19 18:20:02 [CRITICAL] Out of memory error
2025-12-19 18:07:15 [ERROR] Database connection refused
2025-12-19 18:24:28 [CRITICAL] Unhandled exception in thread main
2025-12-19 18:15:55 [ERROR] File not found exception
2025-12-19 18:20:18 [CRITICAL] Permission denied while accessing resource
2025-12-19 18:07:19 [ERROR] Database connection refused
2025-12-19 18:07:20 [ERROR] File not found exception
2025-12-19 18:11:44 [ERROR] Out of memory error
2025-12-19 18:11:46 [ERROR] File not found exception
2025-12-19 18:25:03 [CRITICAL] Out of memory error
2025-12-19 18:16:16 [CRITICAL] Permission denied while accessing resource
2025-12-19 18:16:19 [CRITICAL] Out of memory error
2025-12-19 18:16:22 [CRITICAL] Out of memory error
2025-12-19 18:20:54 [ERROR] Permission denied while accessing resource
2025-12-19 18:25:28 [CRITICAL] Permission denied while accessing resource
2025-12-19 18:21:02 [CRITICAL] Permission denied while accessing resource
2025-12-19 18:07:30 [ERROR] Unhandled exception in thread main
2025-12-19 18:21:10 [CRITICAL] File not found exception
2025-12-19 18:07:32 [ERROR] File not found exception
2025-12-19 18:07:33 [CRITICAL] Unhandled exception in thread main
2025-12-19 18:25:58 [CRITICAL] File not found exception
2025-12-19 18:12:12 [ERROR] Permission denied while accessing resource
2025-12-19 18:07:36 [CRITICAL] Out of memory error
2025-12-19 18:07:37 [CRITICAL] Out of memory error
2025-12-19 18:21:38 [ERROR] File not found exception
2025-12-19 18:07:39 [ERROR] File not found exception
2025-12-19 18:07:40 [ERROR] Unhandled exception in thread main
2025-12-19 18:21:50 [CRITICAL] File not found exception
2025-12-19 18:07:42 [CRITICAL] Permission denied while accessing resource
2025-12-19 18:07:43 [CRITICAL] Permission denied while accessing resource
2025-12-19 18:17:16 [CRITICAL] Unhandled exception in thread main
2025-12-19 18:26:53 [ERROR] Database connection refused
2025-12-19 18:17:22 [CRITICAL] Out of memory error
2025-12-19 18:22:14 [ERROR] Permission denied while accessing resource
2025-12-19 18:27:08 [CRITICAL] File not found exception
2025-12-19 18:12:40 [CRITICAL] File not found exception
2025-12-19 18:07:50 [ERROR] Permission denied while accessing resource
2025-12-19 18:12:44 [CRITICAL] File not found exception
2025-12-19 18:12:46 [CRITICAL] Database connection refused
2025-12-19 18:17:43 [ERROR] Permission denied while accessing resource
2025-12-19 18:27:38 [ERROR] Permission denied while accessing resource
2025-12-19 18:27:43 [CRITICAL] File not found exception
2025-12-19 18:07:56 [ERROR] Database connection refused
2025-12-19 18:12:56 [CRITICAL] File not found exception
2025-12-19 18:27:58 [CRITICAL] File not found exception
2025-12-19 18:23:02 [ERROR] Permission denied while accessing resource
2025-12-19 18:23:06 [ERROR] File not found exception
2025-12-19 18:28:13 [ERROR] Permission denied while accessing resource
2025-12-19 18:13:06 [ERROR] File not found exception
2025-12-19 18:28:23 [ERROR] Database connection refused
2025-12-19 18:23:22 [ERROR] File not found exception
2025-12-19 18:13:12 [CRITICAL] File not found exception
2025-12-19 18:13:14 [CRITICAL] Database connection refused
2025-12-19 18:18:25 [ERROR] Permission denied while accessing resource
2025-12-19 18:18:28 [ERROR] Database connection refused
2025-12-19 18:13:20 [ERROR] Unhandled exception in thread main
2025-12-19 18:18:34 [CRITICAL] File not found exception
2025-12-19 18:18:37 [CRITICAL] File not found exception
2025-12-19 18:29:08 [ERROR] Unhandled exception in thread main
2025-12-19 18:29:13 [CRITICAL] Out of memory error
2025-12-19 18:29:18 [CRITICAL] Unhandled exception in thread main
2025-12-19 18:29:23 [ERROR] Unhandled exception in thread main
2025-12-19 18:29:28 [ERROR] Permission denied while accessing resource
2025-12-19 18:29:33 [CRITICAL] Database connection refused
2025-12-19 18:24:18 [ERROR] File not found exception
2025-12-19 18:19:01 [ERROR] Out of memory error
2025-12-19 18:19:04 [CRITICAL] Out of memory error
2025-12-19 18:29:53 [CRITICAL] Unhandled exception in thread main
2025-12-19 18:19:10 [CRITICAL] File not found exception
2025-12-19 18:19:13 [CRITICAL] File not found exception
2025-12-19 18:13:50 [CRITICAL] Database connection refused
2025-12-19 18:30:13 [ERROR] Database connection refused
2025-12-19 18:19:22 [ERROR] Out of memory error
2025-12-19 18:30:23 [ERROR] Permission denied while accessing resource
2025-12-19 18:30:28 [ERROR] Database connection refused
2025-12-19 18:25:02 [CRITICAL] Database connection refused
2025-12-19 18:30:38 [ERROR] File not found exception
2025-12-19 18:30:43 [CRITICAL] Permission denied while accessing resource
2025-12-19 18:30:48 [ERROR] Database connection refused
2025-12-19 18:08:33 [ERROR] File not found exception
2025-12-19 18:30:58 [CRITICAL] Database connection refused
2025-12-19 18:25:26 [CRITICAL] File not found exception
2025-12-19 18:14:14 [ERROR] Unhandled exception in thread main
2025-12-19 18:25:34 [CRITICAL] File not found exception
2025-12-19 18:25:38 [CRITICAL] Database connection refused
2025-12-19 18:08:39 [ERROR] Out of memory error
2025-12-19 18:25:46 [ERROR] Database connection refused
2025-12-19 18:20:07 [ERROR] Out of memory error
2025-12-19 18:31:38 [ERROR] Database connection refused
2025-12-19 18:14:28 [CRITICAL] Out of memory error
2025-12-19 18:26:02 [CRITICAL] Database connection refused
2025-12-19 18:31:53 [ERROR] Database connection refused
2025-12-19 18:31:58 [ERROR] Permission denied while accessing resource
2025-12-19 18:14:36 [ERROR] Permission denied while accessing resource
2025-12-19 18:26:18 [ERROR] Unhandled exception in thread main
2025-12-19 18:32:13 [ERROR] Out of memory error
2025-12-19 18:32:18 [ERROR] File not found exception
2025-12-19 18:14:44 [CRITICAL] Out of memory error
2025-12-19 18:26:34 [ERROR] Database connection refused
2025-12-19 18:14:48 [ERROR] File not found exception
2025-12-19 18:20:46 [ERROR] Permission denied while accessing resource
2025-12-19 18:32:43 [ERROR] Permission denied while accessing resource
2025-12-19 18:08:56 [ERROR] Database connection refused
2025-12-19 18:08:57 [ERROR] File not found exception
2025-12-19 18:26:58 [ERROR] File not found exception
2025-12-19 18:33:03 [ERROR] Database connection refused
2025-12-19 18:33:08 [ERROR] File not found exception
2025-12-19 18:21:07 [ERROR] Out of memory error
2025-12-19 18:27:14 [CRITICAL] Out of memory error
2025-12-19 18:09:03 [CRITICAL] File not found exception
2025-12-19 18:15:10 [ERROR] Database connection refused
2025-12-19 18:15:12 [CRITICAL] Unhandled exception in thread main
2025-12-19 18:27:30 [CRITICAL] Permission denied while accessing resource
2025-12-19 18:09:07 [ERROR] Out of memory error
2025-12-19 18:15:18 [CRITICAL] Out of memory error
2025-12-19 18:09:09 [CRITICAL] Out of memory error
2025-12-19 18:15:22 [CRITICAL] Permission denied while accessing resource
2025-12-19 18:15:24 [ERROR] Permission denied while accessing resource
2025-12-19 18:34:08 [CRITICAL] Out of memory error
2025-12-19 18:27:58 [ERROR] File not found exception
2025-12-19 18:15:30 [CRITICAL] Permission denied while accessing resource
2025-12-19 18:28:06 [CRITICAL] Unhandled exception in thread main
2025-12-19 18:34:28 [ERROR] Out of memory error
2025-12-19 18:34:33 [ERROR] Out of memory error
2025-12-19 18:21:58 [ERROR] Unhandled exception in thread main
2025-12-19 18:28:22 [ERROR] Permission denied while accessing resource
2025-12-19 18:22:04 [CRITICAL] Database connection refused
2025-12-19 18:09:21 [ERROR] Database connection refused
2025-12-19 18:15:46 [ERROR] Out of memory error
2025-12-19 18:09:23 [ERROR] Database connection refused
2025-12-19 18:15:50 [CRITICAL] File not found exception
2025-12-19 18:28:46 [ERROR] Database connection refused
2025-12-19 18:15:54 [ERROR] Unhandled exception in thread main
2025-12-19 18:09:27 [CRITICAL] File not found exception
2025-12-19 18:35:28 [ERROR] Out of memory error
2025-12-19 18:35:33 [CRITICAL] Database connection refused
2025-12-19 18:16:02 [CRITICAL] Permission denied while accessing resource
2025-12-19 18:16:04 [CRITICAL] Permission denied while accessing resource
2025-12-19 18:35:48 [ERROR] Permission denied while accessing resource
2025-12-19 18:09:33 [CRITICAL] Permission denied while accessing resource
2025-12-19 18:29:22 [CRITICAL] Permission denied while accessing resource
2025-12-19 18:29:26 [CRITICAL] Permission denied while accessing resource
2025-12-19 18:29:30 [ERROR] Unhandled exception in thread main
2025-12-19 18:09:37 [ERROR] Permission denied while accessing resource
2025-12-19 18:29:38 [CRITICAL] File not found exception
2025-12-19 18:29:42 [ERROR] Database connection refused
2025-12-19 18:09:40 [ERROR] Out of memory error
2025-12-19 18:29:50 [ERROR] Unhandled exception in thread main
2025-12-19 18:29:54 [ERROR] Unhandled exception in thread main
2025-12-19 18:16:28 [ERROR] Unhandled exception in thread main
2025-12-19 18:09:44 [ERROR] Database connection refused
2025-12-19 18:30:06 [CRITICAL] Out of memory error
2025-12-19 18:30:10 [CRITICAL] Unhandled exception in thread main
2025-12-19 18:09:47 [CRITICAL] Database connection refused
2025-12-19 18:37:08 [ERROR] Unhandled exception in thread main
2025-12-19 18:30:22 [ERROR] Permission denied while accessing resource
2025-12-19 18:09:50 [ERROR] Permission denied while accessing resource
2025-12-19 18:16:44 [CRITICAL] Permission denied while accessing resource
2025-12-19 18:16:46 [ERROR] Database connection refused
2025-12-19 18:09:53 [CRITICAL] Out of memory error
2025-12-19 18:09:54 [ERROR] Unhandled exception in thread main
2025-12-19 18:23:49 [CRITICAL] Out of memory error
2025-12-19 18:23:52 [ERROR] Out of memory error
2025-12-19 18:30:54 [ERROR] Unhandled exception in thread main
2025-12-19 18:09:58 [ERROR] Out of memory error
2025-12-19 18:09:59 [ERROR] Database connection refused
2025-12-19 18:10:00 [CRITICAL] Unhandled exception in thread main
2025-12-19 18:31:10 [CRITICAL] Permission denied while accessing resource
2025-12-19 18:24:10 [CRITICAL] Unhandled exception in thread main
2025-12-19 18:31:18 [CRITICAL] Permission denied while accessing resource
2025-12-19 18:31:22 [ERROR] Database connection refused
2025-12-19 18:10:05 [ERROR] Permission denied while accessing resource
2025-12-19 18:38:38 [ERROR] File not found exception
2025-12-19 18:31:34 [CRITICAL] Out of memory error
2025-12-19 18:31:38 [ERROR] File not found exception
2025-12-19 18:31:42 [ERROR] Database connection refused
2025-12-19 18:10:10 [ERROR] Database connection refused
2025-12-19 18:10:11 [ERROR] Unhandled exception in thread main
2025-12-19 18:17:26 [CRITICAL] Permission denied while accessing resource
2025-12-19 18:17:28 [CRITICAL] Permission denied while accessing resource
2025-12-19 18:39:18 [ERROR] Out of memory error
2025-12-19 18:10:15 [CRITICAL] File not found exception
2025-12-19 18:32:10 [ERROR] Out of memory error
2025-12-19 18:39:33 [CRITICAL] Permission denied while accessing resource
2025-12-19 18:17:38 [ERROR] Unhandled exception in thread main
2025-12-19 18:17:40 [CRITICAL] Out of memory error
2025-12-19 18:10:20 [CRITICAL] Database connection refused
2025-12-19 18:32:30 [CRITICAL] Database connection refused
2025-12-19 18:17:46 [ERROR] Out of memory error
2025-12-19 18:32:38 [CRITICAL] Database connection refused
2025-12-19 18:10:24 [ERROR] Unhandled exception in thread main
2025-12-19 18:40:13 [CRITICAL] Database connection refused
2025-12-19 18:10:26 [ERROR] Permission denied while accessing resource
2025-12-19 18:17:56 [CRITICAL] Out of memory error
2025-12-19 18:10:28 [ERROR] Database connection refused
2025-12-19 18:40:33 [CRITICAL] File not found exception
2025-12-19 18:40:38 [CRITICAL] Permission denied while accessing resource
2025-12-19 18:10:31 [CRITICAL] Database connection refused
2025-12-19 18:10:32 [CRITICAL] File not found exception
2025-12-19 18:33:18 [CRITICAL] Unhandled exception in thread main
2025-12-19 18:33:22 [CRITICAL] Unhandled exception in thread main
2025-12-19 18:18:12 [CRITICAL] Database connection refused
2025-12-19 18:33:30 [CRITICAL] Database connection refused
2025-12-19 18:18:16 [CRITICAL] Unhandled exception in thread main
2025-12-19 18:25:58 [CRITICAL] Permission denied while accessing resource
2025-12-19 18:26:01 [CRITICAL] File not found exception
2025-12-19 18:26:04 [ERROR] Unhandled exception in thread main
2025-12-19 18:18:24 [ERROR] Database connection refused
2025-12-19 18:41:38 [CRITICAL] Unhandled exception in thread main
2025-12-19 18:26:13 [ERROR] Permission denied while accessing resource
2025-12-19 18:41:48 [ERROR] Permission denied while accessing resource
2025-12-19 18:10:45 [ERROR] Permission denied while accessing resource
2025-12-19 18:41:58 [CRITICAL] File not found exception
2025-12-19 18:34:14 [CRITICAL] Permission denied while accessing resource
2025-12-19 18:18:38 [CRITICAL] Database connection refused
2025-12-19 18:42:13 [ERROR] Out of memory error
2025-12-19 18:42:18 [CRITICAL] Out of memory error
2025-12-19 18:18:44 [ERROR] File not found exception
2025-12-19 18:18:46 [CRITICAL] Out of memory error
2025-12-19 18:10:53 [CRITICAL] Out of memory error
2025-12-19 18:34:42 [CRITICAL] Database connection refused
2025-12-19 18:42:43 [CRITICAL] Out of memory error
2025-12-19 18:18:54 [ERROR] Out of memory error
2025-12-19 18:42:53 [ERROR] Database connection refused
2025-12-19 18:10:58 [CRITICAL] Database connection refused
2025-12-19 18:35:02 [CRITICAL] Unhandled exception in thread main
2025-12-19 18:43:08 [ERROR] File not found exception
2025-12-19 18:11:01 [CRITICAL] Database connection refused
2025-12-19 18:27:10 [ERROR] Unhandled exception in thread main
2025-12-19 18:19:08 [CRITICAL] Database connection refused
2025-12-19 18:19:10 [ERROR] Permission denied while accessing resource
2025-12-19 18:35:26 [ERROR] File not found exception
2025-12-19 18:27:22 [CRITICAL] File not found exception
2025-12-19 18:19:16 [CRITICAL] Permission denied while accessing resource
2025-12-19 18:11:08 [ERROR] Unhandled exception in thread main
2025-12-19 18:43:53 [CRITICAL] Permission denied while accessing resource
2025-12-19 18:11:10 [CRITICAL] Out of memory error
2025-12-19 18:19:24 [ERROR] File not found exception
2025-12-19 18:11:12 [CRITICAL] File not found exception
2025-12-19 18:19:28 [CRITICAL] Out of memory error
2025-12-19 18:27:46 [CRITICAL] Permission denied while accessing resource
2025-12-19 18:11:15 [ERROR] Out of memory error
2025-12-19 18:36:10 [ERROR] Database connection refused
2025-12-19 18:19:36 [ERROR] File not found exception
