2025-12-19 18:02:58 [INFO] CPU usage threshold exceeded
2025-12-19 18:03:03 [WARN] CPU usage threshold exceeded
2025-12-19 18:03:04 [INFO] CPU usage threshold exceeded
2025-12-19 18:03:04 [WARN] Kernel module loaded
2025-12-19 18:03:14 [CRITICAL] Memory allocation failed
2025-12-19 18:03:08 [CRITICAL] Memory allocation failed
2025-12-19 18:03:16 [ERROR] Kernel module loaded
2025-12-19 18:03:12 [INFO] Service restarted successfully
2025-12-19 18:03:30 [INFO] CPU usage threshold exceeded
2025-12-19 18:03:07 [INFO] Disk space running low
2025-12-19 18:03:38 [CRITICAL] CPU usage threshold exceeded
2025-12-19 18:03:53 [ERROR] Disk space running low
2025-12-19 18:03:58 [ERROR] Service restarted successfully
2025-12-19 18:04:03 [ERROR] CPU usage threshold exceeded
2025-12-19 18:03:12 [WARN] Disk space running low
2025-12-19 18:03:28 [WARN] Disk space running low
2025-12-19 18:04:18 [INFO] Disk space running low
2025-12-19 18:04:23 [INFO] Kernel module loaded
2025-12-19 18:03:16 [ERROR] Kernel module loaded
2025-12-19 18:04:14 [ERROR] Kernel module loaded
2025-12-19 18:04:18 [WARN] Memory allocation failed
2025-12-19 18:04:22 [INFO] Kernel module loaded
2025-12-19 18:04:26 [WARN] Memory allocation failed
2025-12-19 18:03:21 [INFO] Disk space running low
2025-12-19 18:04:34 [ERROR] Memory allocation failed
2025-12-19 18:03:48 [INFO] Kernel module loaded
2025-12-19 18:03:24 [WARN] Kernel module loaded
2025-12-19 18:03:52 [INFO] CPU usage threshold exceeded
2025-12-19 18:04:22 [ERROR] Memory allocation failed
2025-12-19 18:04:54 [INFO] Disk space running low
2025-12-19 18:03:58 [ERROR] Service restarted successfully
2025-12-19 18:05:02 [CRITICAL] Service restarted successfully
2025-12-19 18:03:30 [CRITICAL] CPU usage threshold exceeded
2025-12-19 18:03:31 [CRITICAL] Memory allocation failed
2025-12-19 18:04:40 [ERROR] Disk space running low
2025-12-19 18:04:43 [CRITICAL] Service restarted successfully
2025-12-19 18:05:58 [ERROR] Kernel module loaded
2025-12-19 18:04:49 [CRITICAL] Memory allocation failed
2025-12-19 18:05:30 [INFO] Service restarted successfully
2025-12-19 18:05:34 [WARN] Service restarted successfully
2025-12-19 18:04:18 [CRITICAL] Memory allocation failed
2025-12-19 18:05:01 [INFO] CPU usage threshold exceeded
2025-12-19 18:06:28 [ERROR] Service restarted successfully
2025-12-19 18:05:07 [WARN] Memory allocation failed
2025-12-19 18:06:38 [WARN] Memory allocation failed
2025-12-19 18:06:43 [WARN] Service restarted successfully
2025-12-19 18:05:16 [INFO] CPU usage threshold exceeded
2025-12-19 18:06:53 [INFO] Kernel module loaded
2025-12-19 18:04:34 [INFO] Disk space running low
2025-12-19 18:04:36 [WARN] Disk space running low
2025-12-19 18:03:48 [ERROR] Memory allocation failed
2025-12-19 18:05:31 [INFO] Kernel module loaded
2025-12-19 18:03:50 [INFO] Memory allocation failed
2025-12-19 18:05:37 [ERROR] Memory allocation failed
2025-12-19 18:06:34 [CRITICAL] CPU usage threshold exceeded
2025-12-19 18:05:43 [WARN] CPU usage threshold exceeded
2025-12-19 18:06:42 [INFO] Disk space running low
2025-12-19 18:07:43 [ERROR] Disk space running low
2025-12-19 18:05:52 [INFO] Memory allocation failed
2025-12-19 18:05:55 [CRITICAL] CPU usage threshold exceeded
2025-12-19 18:03:58 [WARN] Disk space running low
2025-12-19 18:07:02 [CRITICAL] Service restarted successfully
2025-12-19 18:06:04 [WARN] Memory allocation failed
2025-12-19 18:08:13 [WARN] Service restarted successfully
2025-12-19 18:06:10 [WARN] Disk space running low
2025-12-19 18:05:08 [WARN] CPU usage threshold exceeded
2025-12-19 18:07:22 [ERROR] Memory allocation failed
2025-12-19 18:04:05 [ERROR] Service restarted successfully
2025-12-19 18:04:06 [INFO] Memory allocation failed
2025-12-19 18:06:25 [INFO] Disk space running low
2025-12-19 18:08:48 [WARN] Service restarted successfully
2025-12-19 18:04:09 [WARN] Kernel module loaded
2025-12-19 18:05:22 [WARN] Kernel module loaded
2025-12-19 18:06:37 [CRITICAL] CPU usage threshold exceeded
2025-12-19 18:05:26 [INFO] Service restarted successfully
2025-12-19 18:05:28 [ERROR] CPU usage threshold exceeded
2025-12-19 18:08:02 [WARN] Service restarted successfully
2025-12-19 18:05:32 [CRITICAL] Memory allocation failed
2025-12-19 18:09:28 [CRITICAL] Service restarted successfully
2025-12-19 18:09:33 [INFO] Memory allocation failed
2025-12-19 18:08:18 [INFO] Memory allocation failed
2025-12-19 18:04:19 [ERROR] CPU usage threshold exceeded
2025-12-19 18:05:42 [INFO] Disk space running low
2025-12-19 18:08:30 [WARN] Service restarted successfully
2025-12-19 18:08:34 [ERROR] Service restarted successfully
2025-12-19 18:08:38 [WARN] Kernel module loaded
2025-12-19 18:08:42 [ERROR] Memory allocation failed
2025-12-19 18:08:46 [CRITICAL] Kernel module loaded
2025-12-19 18:10:18 [INFO] Service restarted successfully
2025-12-19 18:08:54 [INFO] Disk space running low
2025-12-19 18:10:28 [ERROR] Service restarted successfully
2025-12-19 18:07:31 [WARN] Kernel module loaded
2025-12-19 18:06:02 [CRITICAL] Memory allocation failed
2025-12-19 18:04:31 [ERROR] CPU usage threshold exceeded
2025-12-19 18:06:06 [WARN] CPU usage threshold exceeded
2025-12-19 18:06:08 [INFO] Memory allocation failed
2025-12-19 18:07:46 [CRITICAL] CPU usage threshold exceeded
2025-12-19 18:11:03 [WARN] Memory allocation failed
2025-12-19 18:11:08 [INFO] Memory allocation failed
2025-12-19 18:06:16 [CRITICAL] CPU usage threshold exceeded
2025-12-19 18:04:38 [WARN] CPU usage threshold exceeded
2025-12-19 18:08:01 [WARN] Memory allocation failed
2025-12-19 18:09:46 [CRITICAL] Memory allocation failed
2025-12-19 18:09:50 [CRITICAL] Disk space running low
2025-12-19 18:11:38 [CRITICAL] Memory allocation failed
2025-12-19 18:06:28 [CRITICAL] Service restarted successfully
2025-12-19 18:10:02 [ERROR] Memory allocation failed
2025-12-19 18:06:32 [WARN] CPU usage threshold exceeded
2025-12-19 18:08:22 [CRITICAL] CPU usage threshold exceeded
2025-12-19 18:10:14 [WARN] Kernel module loaded
2025-12-19 18:06:38 [WARN] CPU usage threshold exceeded
2025-12-19 18:06:40 [WARN] Service restarted successfully
2025-12-19 18:10:26 [ERROR] Kernel module loaded
2025-12-19 18:04:51 [WARN] Disk space running low
2025-12-19 18:10:34 [ERROR] Kernel module loaded
2025-12-19 18:06:48 [INFO] Memory allocation failed
2025-12-19 18:08:46 [ERROR] Service restarted successfully
2025-12-19 18:12:43 [WARN] Disk space running low
2025-12-19 18:12:48 [WARN] Kernel module loaded
2025-12-19 18:10:54 [INFO] Memory allocation failed
2025-12-19 18:04:58 [ERROR] Disk space running low
2025-12-19 18:04:59 [WARN] Kernel module loaded
2025-12-19 18:09:04 [CRITICAL] Service restarted successfully
2025-12-19 18:09:07 [CRITICAL] CPU usage threshold exceeded
2025-12-19 18:07:06 [CRITICAL] CPU usage threshold exceeded
2025-12-19 18:05:03 [ERROR] Memory allocation failed
2025-12-19 18:05:04 [INFO] CPU usage threshold exceeded
2025-12-19 18:07:12 [CRITICAL] Service restarted successfully
2025-12-19 18:09:22 [ERROR] CPU usage threshold exceeded
2025-12-19 18:11:34 [ERROR] Memory allocation failed
2025-12-19 18:13:48 [INFO] Kernel module loaded
2025-12-19 18:13:53 [CRITICAL] Service restarted successfully
2025-12-19 18:09:34 [ERROR] Disk space running low
2025-12-19 18:11:50 [INFO] Service restarted successfully
2025-12-19 18:07:26 [INFO] Disk space running low
2025-12-19 18:07:28 [CRITICAL] Service restarted successfully
2025-12-19 18:07:30 [WARN] Service restarted successfully
2025-12-19 18:07:32 [ERROR] Disk space running low
2025-12-19 18:05:16 [WARN] CPU usage threshold exceeded
2025-12-19 18:05:17 [CRITICAL] CPU usage threshold exceeded
2025-12-19 18:05:18 [INFO] Kernel module loaded
2025-12-19 18:10:01 [ERROR] Memory allocation failed
2025-12-19 18:05:20 [WARN] CPU usage threshold exceeded
2025-12-19 18:10:07 [CRITICAL] CPU usage threshold exceeded
2025-12-19 18:14:58 [WARN] Disk space running low
2025-12-19 18:15:03 [WARN] Disk space running low
2025-12-19 18:15:08 [CRITICAL] Memory allocation failed
2025-12-19 18:15:13 [WARN] Kernel module loaded
2025-12-19 18:15:18 [WARN] Kernel module loaded
2025-12-19 18:07:56 [ERROR] Kernel module loaded
2025-12-19 18:10:28 [WARN] CPU usage threshold exceeded
2025-12-19 18:15:33 [INFO] Service restarted successfully
2025-12-19 18:08:02 [CRITICAL] CPU usage threshold exceeded
2025-12-19 18:10:37 [CRITICAL] Memory allocation failed
2025-12-19 18:05:32 [INFO] Memory allocation failed
2025-12-19 18:13:18 [WARN] CPU usage threshold exceeded
2025-12-19 18:05:34 [ERROR] Kernel module loaded
2025-12-19 18:16:03 [WARN] Memory allocation failed
2025-12-19 18:08:14 [CRITICAL] Memory allocation failed
2025-12-19 18:08:16 [WARN] CPU usage threshold exceeded
2025-12-19 18:13:38 [WARN] Kernel module loaded
2025-12-19 18:16:23 [INFO] Service restarted successfully
2025-12-19 18:11:04 [INFO] Kernel module loaded
2025-12-19 18:16:33 [ERROR] Kernel module loaded
2025-12-19 18:05:42 [CRITICAL] Kernel module loaded
2025-12-19 18:11:13 [ERROR] Service restarted successfully
2025-12-19 18:08:30 [ERROR] CPU usage threshold exceeded
2025-12-19 18:11:19 [INFO] Disk space running low
2025-12-19 18:08:34 [INFO] Service restarted successfully
2025-12-19 18:14:14 [INFO] Memory allocation failed
2025-12-19 18:08:38 [ERROR] CPU usage threshold exceeded
2025-12-19 18:11:31 [INFO] Memory allocation failed
2025-12-19 18:11:34 [CRITICAL] Memory allocation failed
2025-12-19 18:11:37 [ERROR] Memory allocation failed
2025-12-19 18:14:34 [WARN] CPU usage threshold exceeded
2025-12-19 18:08:48 [INFO] Kernel module loaded
2025-12-19 18:08:50 [CRITICAL] Service restarted successfully
2025-12-19 18:11:49 [CRITICAL] CPU usage threshold exceeded
2025-12-19 18:11:52 [INFO] CPU usage threshold exceeded
2025-12-19 18:14:54 [INFO] Service restarted successfully
2025-12-19 18:14:58 [WARN] Kernel module loaded
2025-12-19 18:12:01 [INFO] Kernel module loaded
2025-12-19 18:15:06 [INFO] Memory allocation failed
2025-12-19 18:12:07 [CRITICAL] Disk space running low
2025-12-19 18:15:14 [CRITICAL] Memory allocation failed
2025-12-19 18:18:23 [CRITICAL] Memory allocation failed
2025-12-19 18:18:28 [ERROR] Kernel module loaded
2025-12-19 18:15:26 [ERROR] Disk space running low
2025-12-19 18:06:06 [WARN] CPU usage threshold exceeded
2025-12-19 18:15:34 [INFO] Service restarted successfully
2025-12-19 18:09:18 [INFO] Disk space running low
2025-12-19 18:12:31 [CRITICAL] Disk space running low
2025-12-19 18:06:10 [INFO] Memory allocation failed
2025-12-19 18:15:50 [INFO] Disk space running low
2025-12-19 18:19:08 [INFO] Service restarted successfully
2025-12-19 18:06:13 [INFO] Kernel module loaded
2025-12-19 18:19:18 [CRITICAL] CPU usage threshold exceeded
2025-12-19 18:06:15 [ERROR] Kernel module loaded
2025-12-19 18:09:34 [ERROR] CPU usage threshold exceeded
2025-12-19 18:06:17 [WARN] Memory allocation failed
2025-12-19 18:09:38 [CRITICAL] Kernel module loaded
2025-12-19 18:16:22 [ERROR] Service restarted successfully
2025-12-19 18:19:48 [WARN] Kernel module loaded
2025-12-19 18:19:53 [WARN] Disk space running low
2025-12-19 18:19:58 [WARN] Memory allocation failed
2025-12-19 18:09:48 [CRITICAL] Memory allocation failed
2025-12-19 18:09:50 [ERROR] Kernel module loaded
2025-12-19 18:20:13 [INFO] Kernel module loaded
2025-12-19 18:09:54 [ERROR] Kernel module loaded
2025-12-19 18:09:56 [INFO] CPU usage threshold exceeded
2025-12-19 18:13:28 [INFO] Service restarted successfully
2025-12-19 18:20:33 [CRITICAL] Service restarted successfully
2025-12-19 18:17:06 [INFO] Kernel module loaded
2025-12-19 18:10:04 [CRITICAL] Service restarted successfully
2025-12-19 18:20:48 [ERROR] Memory allocation failed
2025-12-19 18:06:33 [WARN] Disk space running low
2025-12-19 18:06:34 [WARN] Service restarted successfully
2025-12-19 18:13:49 [INFO] Disk space running low
2025-12-19 18:06:36 [WARN] Kernel module loaded
2025-12-19 18:17:34 [WARN] CPU usage threshold exceeded
2025-12-19 18:10:18 [INFO] CPU usage threshold exceeded
2025-12-19 18:10:20 [WARN] Kernel module loaded
2025-12-19 18:10:22 [INFO] Kernel module loaded
2025-12-19 18:21:33 [CRITICAL] Service restarted successfully
2025-12-19 18:21:38 [INFO] CPU usage threshold exceeded
2025-12-19 18:17:58 [WARN] CPU usage threshold exceeded
2025-12-19 18:14:16 [CRITICAL] Kernel module loaded
2025-12-19 18:06:45 [WARN] Kernel module loaded
2025-12-19 18:06:46 [ERROR] Service restarted successfully
2025-12-19 18:06:47 [WARN] Disk space running low
2025-12-19 18:22:08 [INFO] Disk space running low
2025-12-19 18:18:22 [WARN] Kernel module loaded
2025-12-19 18:10:42 [CRITICAL] Memory allocation failed
2025-12-19 18:22:23 [INFO] Kernel module loaded
2025-12-19 18:14:40 [CRITICAL] Disk space running low
2025-12-19 18:06:53 [ERROR] Memory allocation failed
2025-12-19 18:06:54 [WARN] CPU usage threshold exceeded
2025-12-19 18:14:49 [INFO] CPU usage threshold exceeded
2025-12-19 18:14:52 [WARN] Kernel module loaded
2025-12-19 18:14:55 [CRITICAL] Kernel module loaded
2025-12-19 18:14:58 [CRITICAL] Service restarted successfully
2025-12-19 18:11:00 [WARN] Disk space running low
2025-12-19 18:07:00 [CRITICAL] Service restarted successfully
2025-12-19 18:11:04 [ERROR] Memory allocation failed
2025-12-19 18:19:14 [ERROR] CPU usage threshold exceeded
2025-12-19 18:11:08 [WARN] Kernel module loaded
2025-12-19 18:07:04 [ERROR] Service restarted successfully
2025-12-19 18:07:05 [CRITICAL] Disk space running low
2025-12-19 18:15:22 [INFO] CPU usage threshold exceeded
2025-12-19 18:23:43 [WARN] Service restarted successfully
2025-12-19 18:07:08 [WARN] Memory allocation failed
2025-12-19 18:23:53 [WARN] Memory allocation failed
2025-12-19 18:23:58 [INFO] CPU usage threshold exceeded
2025-12-19 18:07:11 [CRITICAL] CPU usage threshold exceeded
2025-12-19 18:15:40 [WARN] Kernel module loaded
2025-12-19 18:15:43 [CRITICAL] Memory allocation failed
2025-12-19 18:20:02 [CRITICAL] CPU usage threshold exceeded
2025-12-19 18:24:23 [INFO] Memory allocation failed
2025-12-19 18:07:16 [ERROR] Disk space running low
2025-12-19 18:07:17 [ERROR] Disk space running low
2025-12-19 18:11:38 [ERROR] Memory allocation failed
2025-12-19 18:16:01 [ERROR] Disk space running low
2025-12-19 18:11:42 [INFO] Memory allocation failed
2025-12-19 18:16:07 [WARN] CPU usage threshold exceeded
2025-12-19 18:07:22 [CRITICAL] Service restarted successfully
2025-12-19 18:07:23 [WARN] Service restarted successfully
2025-12-19 18:25:08 [ERROR] Service restarted successfully
2025-12-19 18:11:52 [WARN] CPU usage threshold exceeded
2025-12-19 18:07:26 [CRITICAL] Disk space running low
2025-12-19 18:16:25 [INFO] CPU usage threshold exceeded
2025-12-19 18:16:28 [ERROR] Memory allocation failed
2025-12-19 18:21:02 [WARN] CPU usage threshold exceeded
2025-12-19 18:21:06 [WARN] Disk space running low
2025-12-19 18:21:10 [INFO] CPU usage threshold exceeded
2025-12-19 18:16:40 [INFO] Memory allocation failed
2025-12-19 18:12:08 [ERROR] Memory allocation failed
2025-12-19 18:16:46 [WARN] Kernel module loaded
2025-12-19 18:21:26 [ERROR] Disk space running low
2025-12-19 18:21:30 [ERROR] Disk space running low
2025-12-19 18:07:37 [ERROR] Kernel module loaded
2025-12-19 18:07:38 [CRITICAL] Memory allocation failed
2025-12-19 18:26:23 [CRITICAL] Service restarted successfully
2025-12-19 18:17:04 [WARN] Service restarted successfully
2025-12-19 18:21:50 [WARN] Disk space running low
2025-12-19 18:07:42 [WARN] Disk space running low
2025-12-19 18:17:13 [WARN] Memory allocation failed
2025-12-19 18:22:02 [WARN] Disk space running low
2025-12-19 18:07:45 [CRITICAL] Memory allocation failed
2025-12-19 18:17:22 [CRITICAL] Memory allocation failed
2025-12-19 18:27:03 [WARN] Disk space running low
2025-12-19 18:12:38 [CRITICAL] Kernel module loaded
2025-12-19 18:17:31 [ERROR] Memory allocation failed
2025-12-19 18:07:50 [WARN] Memory allocation failed
2025-12-19 18:07:51 [WARN] Service restarted successfully
2025-12-19 18:27:28 [INFO] Kernel module loaded
2025-12-19 18:27:33 [ERROR] Disk space running low
2025-12-19 18:22:42 [INFO] Kernel module loaded
2025-12-19 18:22:46 [ERROR] Service restarted successfully
2025-12-19 18:12:54 [ERROR] Disk space running low
2025-12-19 18:12:56 [ERROR] Memory allocation failed
2025-12-19 18:07:58 [CRITICAL] CPU usage threshold exceeded
2025-12-19 18:13:00 [WARN] CPU usage threshold exceeded
2025-12-19 18:13:02 [CRITICAL] Disk space running low
2025-12-19 18:13:04 [INFO] Service restarted successfully
2025-12-19 18:28:18 [ERROR] Disk space running low
2025-12-19 18:28:23 [ERROR] Disk space running low
2025-12-19 18:23:22 [INFO] Kernel module loaded
2025-12-19 18:28:33 [WARN] Kernel module loaded
2025-12-19 18:13:14 [CRITICAL] Kernel module loaded
2025-12-19 18:18:25 [WARN] CPU usage threshold exceeded
2025-12-19 18:18:28 [WARN] Memory allocation failed
2025-12-19 18:28:53 [WARN] Service restarted successfully
2025-12-19 18:18:34 [INFO] Memory allocation failed
2025-12-19 18:13:24 [WARN] Memory allocation failed
2025-12-19 18:23:54 [WARN] Memory allocation failed
2025-12-19 18:23:58 [ERROR] Kernel module loaded
2025-12-19 18:13:30 [INFO] CPU usage threshold exceeded
2025-12-19 18:29:23 [CRITICAL] CPU usage threshold exceeded
2025-12-19 18:13:34 [WARN] CPU usage threshold exceeded
2025-12-19 18:18:55 [WARN] Memory allocation failed
2025-12-19 18:24:18 [INFO] Kernel module loaded
2025-12-19 18:19:01 [INFO] Disk space running low
2025-12-19 18:29:48 [ERROR] CPU usage threshold exceeded
2025-12-19 18:13:44 [WARN] Kernel module loaded
2025-12-19 18:24:34 [CRITICAL] Memory allocation failed
2025-12-19 18:08:23 [CRITICAL] Service restarted successfully
2025-12-19 18:19:16 [CRITICAL] CPU usage threshold exceeded
2025-12-19 18:08:25 [INFO] Disk space running low
2025-12-19 18:08:26 [CRITICAL] Disk space running low
2025-12-19 18:19:25 [INFO] Service restarted successfully
2025-12-19 18:30:28 [INFO] Disk space running low
2025-12-19 18:30:33 [INFO] CPU usage threshold exceeded
2025-12-19 18:08:30 [WARN] Kernel module loaded
2025-12-19 18:30:43 [INFO] Kernel module loaded
2025-12-19 18:19:40 [ERROR] Service restarted successfully
2025-12-19 18:19:43 [CRITICAL] CPU usage threshold exceeded
2025-12-19 18:14:10 [ERROR] Memory allocation failed
2025-12-19 18:08:35 [INFO] Disk space running low
2025-12-19 18:08:36 [WARN] Service restarted successfully
2025-12-19 18:14:16 [WARN] Memory allocation failed
2025-12-19 18:08:38 [INFO] CPU usage threshold exceeded
2025-12-19 18:31:23 [CRITICAL] CPU usage threshold exceeded
2025-12-19 18:08:40 [WARN] Disk space running low
2025-12-19 18:31:33 [ERROR] CPU usage threshold exceeded
2025-12-19 18:25:54 [INFO] Disk space running low
2025-12-19 18:25:58 [ERROR] Disk space running low
2025-12-19 18:08:44 [INFO] Memory allocation failed
2025-12-19 18:14:32 [CRITICAL] Disk space running low
2025-12-19 18:20:22 [ERROR] Kernel module loaded
2025-12-19 18:08:47 [ERROR] Memory allocation failed
2025-12-19 18:14:38 [ERROR] Kernel module loaded
2025-12-19 18:32:13 [INFO] CPU usage threshold exceeded
2025-12-19 18:26:26 [ERROR] Kernel module loaded
2025-12-19 18:14:44 [CRITICAL] Memory allocation failed
2025-12-19 18:26:34 [WARN] Kernel module loaded
2025-12-19 18:26:38 [WARN] Service restarted successfully
2025-12-19 18:26:42 [INFO] Memory allocation failed
2025-12-19 18:08:55 [WARN] Kernel module loaded
2025-12-19 18:08:56 [INFO] Disk space running low
2025-12-19 18:20:55 [INFO] Kernel module loaded
2025-12-19 18:20:58 [ERROR] Disk space running low
2025-12-19 18:21:01 [INFO] Service restarted successfully
2025-12-19 18:21:04 [WARN] Disk space running low
2025-12-19 18:15:04 [WARN] Kernel module loaded
2025-12-19 18:27:14 [INFO] Memory allocation failed
2025-12-19 18:27:18 [INFO] Service restarted successfully
2025-12-19 18:09:04 [CRITICAL] Disk space running low
2025-12-19 18:27:26 [ERROR] Memory allocation failed
2025-12-19 18:21:22 [INFO] CPU usage threshold exceeded
2025-12-19 18:27:34 [ERROR] Disk space running low
2025-12-19 18:15:18 [ERROR] Service restarted successfully
2025-12-19 18:27:42 [WARN] Disk space running low
2025-12-19 18:21:34 [CRITICAL] CPU usage threshold exceeded
2025-12-19 18:27:50 [INFO] Service restarted successfully
2025-12-19 18:27:54 [WARN] Service restarted successfully
2025-12-19 18:34:13 [WARN] CPU usage threshold exceeded
2025-12-19 18:09:14 [CRITICAL] Service restarted successfully
2025-12-19 18:15:32 [CRITICAL] Service restarted successfully
2025-12-19 18:15:34 [WARN] Disk space running low
2025-12-19 18:15:36 [ERROR] CPU usage threshold exceeded
2025-12-19 18:34:38 [WARN] Kernel module loaded
2025-12-19 18:22:01 [CRITICAL] CPU usage threshold exceeded
2025-12-19 18:15:42 [WARN] Kernel module loaded
2025-12-19 18:22:07 [WARN] Kernel module loaded
2025-12-19 18:22:10 [WARN] Memory allocation failed
2025-12-19 18:15:48 [WARN] CPU usage threshold exceeded
2025-12-19 18:22:16 [INFO] Service restarted successfully
2025-12-19 18:09:25 [WARN] Kernel module loaded
2025-12-19 18:15:54 [CRITICAL] CPU usage threshold exceeded
2025-12-19 18:28:54 [WARN] Kernel module loaded
2025-12-19 18:09:28 [WARN] Disk space running low
2025-12-19 18:09:29 [CRITICAL] Disk space running low
2025-12-19 18:16:02 [WARN] Disk space running low
2025-12-19 18:35:43 [ERROR] Service restarted successfully
2025-12-19 18:29:14 [ERROR] Disk space running low
2025-12-19 18:22:43 [WARN] Memory allocation failed
2025-12-19 18:09:34 [ERROR] Memory allocation failed
2025-12-19 18:36:03 [INFO] Service restarted successfully
2025-12-19 18:16:14 [INFO] Service restarted successfully
2025-12-19 18:36:13 [WARN] Service restarted successfully
2025-12-19 18:29:38 [WARN] Disk space running low
2025-12-19 18:29:42 [ERROR] Memory allocation failed
2025-12-19 18:29:46 [WARN] Kernel module loaded
2025-12-19 18:16:24 [ERROR] Kernel module loaded
2025-12-19 18:36:38 [WARN] Kernel module loaded
2025-12-19 18:29:58 [WARN] Memory allocation failed
2025-12-19 18:30:02 [INFO] Service restarted successfully
2025-12-19 18:36:53 [INFO] Kernel module loaded
2025-12-19 18:23:22 [WARN] Disk space running low
2025-12-19 18:09:47 [CRITICAL] Memory allocation failed
2025-12-19 18:37:08 [ERROR] CPU usage threshold exceeded
2025-12-19 18:30:22 [ERROR] Memory allocation failed
2025-12-19 18:37:18 [CRITICAL] Disk space running low
2025-12-19 18:30:30 [ERROR] CPU usage threshold exceeded
2025-12-19 18:30:34 [ERROR] Service restarted successfully
2025-12-19 18:09:53 [WARN] CPU usage threshold exceeded
2025-12-19 18:23:46 [ERROR] Service restarted successfully
2025-12-19 18:09:55 [WARN] Kernel module loaded
2025-12-19 18:30:50 [WARN] Service restarted successfully
2025-12-19 18:16:56 [INFO] CPU usage threshold exceeded
2025-12-19 18:37:58 [INFO] Kernel module loaded
2025-12-19 18:17:00 [CRITICAL] CPU usage threshold exceeded
2025-12-19 18:31:06 [CRITICAL] Kernel module loaded
2025-12-19 18:17:04 [INFO] Kernel module loaded
2025-12-19 18:38:18 [CRITICAL] Kernel module loaded
2025-12-19 18:17:08 [WARN] Kernel module loaded
2025-12-19 18:24:16 [CRITICAL] Disk space running low
2025-12-19 18:24:19 [ERROR] Service restarted successfully
2025-12-19 18:38:38 [ERROR] Service restarted successfully
2025-12-19 18:10:07 [CRITICAL] Kernel module loaded
2025-12-19 18:38:48 [WARN] Kernel module loaded
2025-12-19 18:31:42 [ERROR] Memory allocation failed
2025-12-19 18:17:22 [INFO] Service restarted successfully
2025-12-19 18:39:03 [WARN] Kernel module loaded
2025-12-19 18:31:54 [WARN] Kernel module loaded
2025-12-19 18:31:58 [CRITICAL] Disk space running low
2025-12-19 18:39:18 [INFO] Kernel module loaded
2025-12-19 18:10:15 [WARN] Memory allocation failed
2025-12-19 18:32:10 [WARN] Service restarted successfully
2025-12-19 18:39:33 [ERROR] Service restarted successfully
2025-12-19 18:32:18 [ERROR] Service restarted successfully
2025-12-19 18:25:01 [CRITICAL] CPU usage threshold exceeded
2025-12-19 18:10:20 [CRITICAL] Kernel module loaded
2025-12-19 18:17:44 [CRITICAL] CPU usage threshold exceeded
2025-12-19 18:10:22 [CRITICAL] Service restarted successfully
2025-12-19 18:40:03 [ERROR] Service restarted successfully
2025-12-19 18:10:24 [WARN] Disk space running low
2025-12-19 18:17:52 [CRITICAL] CPU usage threshold exceeded
2025-12-19 18:40:18 [INFO] CPU usage threshold exceeded
2025-12-19 18:17:56 [CRITICAL] Kernel module loaded
2025-12-19 18:40:28 [INFO] Disk space running low
2025-12-19 18:33:02 [ERROR] CPU usage threshold exceeded
2025-12-19 18:25:34 [ERROR] Disk space running low
2025-12-19 18:40:43 [CRITICAL] Disk space running low
2025-12-19 18:25:40 [INFO] Service restarted successfully
2025-12-19 18:10:33 [ERROR] Service restarted successfully
2025-12-19 18:40:58 [INFO] Service restarted successfully
2025-12-19 18:41:03 [WARN] Kernel module loaded
2025-12-19 18:41:08 [INFO] Disk space running low
2025-12-19 18:18:16 [CRITICAL] Memory allocation failed
2025-12-19 18:10:38 [CRITICAL] CPU usage threshold exceeded
2025-12-19 18:18:20 [ERROR] Kernel module loaded
2025-12-19 18:10:40 [ERROR] Kernel module loaded
2025-12-19 18:18:24 [ERROR] Service restarted successfully
2025-12-19 18:18:26 [CRITICAL] Kernel module loaded
2025-12-19 18:18:28 [WARN] Service restarted successfully
2025-12-19 18:18:30 [CRITICAL] CPU usage threshold exceeded
2025-12-19 18:10:45 [CRITICAL] Kernel module loaded
2025-12-19 18:41:58 [INFO] Kernel module loaded
2025-12-19 18:42:03 [ERROR] Kernel module loaded
2025-12-19 18:34:18 [INFO] Memory allocation failed
2025-12-19 18:34:22 [WARN] Kernel module loaded
2025-12-19 18:42:18 [INFO] CPU usage threshold exceeded
2025-12-19 18:26:37 [CRITICAL] Memory allocation failed
2025-12-19 18:10:52 [ERROR] CPU usage threshold exceeded
2025-12-19 18:10:53 [CRITICAL] Service restarted successfully
2025-12-19 18:34:42 [INFO] Memory allocation failed
2025-12-19 18:34:46 [CRITICAL] Memory allocation failed
2025-12-19 18:26:52 [WARN] Kernel module loaded
2025-12-19 18:26:55 [INFO] Memory allocation failed
2025-12-19 18:42:58 [INFO] CPU usage threshold exceeded
2025-12-19 18:19:00 [ERROR] Memory allocation failed
2025-12-19 18:35:06 [WARN] CPU usage threshold exceeded
2025-12-19 18:43:13 [INFO] Disk space running low
2025-12-19 18:11:02 [CRITICAL] Memory allocation failed
2025-12-19 18:43:23 [WARN] CPU usage threshold exceeded
2025-12-19 18:19:10 [INFO] Memory allocation failed
2025-12-19 18:19:12 [WARN] Kernel module loaded
2025-12-19 18:43:38 [INFO] Disk space running low
2025-12-19 18:35:34 [CRITICAL] Memory allocation failed
2025-12-19 18:11:08 [ERROR] Memory allocation failed
2025-12-19 18:11:09 [ERROR] Service restarted successfully
2025-12-19 18:11:10 [INFO] Service restarted successfully
2025-12-19 18:19:24 [WARN] Service restarted successfully
2025-12-19 18:35:54 [CRITICAL] Memory allocation failed
2025-12-19 18:27:43 [INFO] Kernel module loaded
2025-12-19 18:44:18 [ERROR] Disk space running low
2025-12-19 18:11:15 [WARN] Kernel module loaded
2025-12-19 18:19:34 [WARN] CPU usage threshold exceeded
2025-12-19 18:44:33 [WARN] Kernel module loaded
